<?xml version="1.0" encoding="UTF-8"?>
<!-- Generated by org.testng.reporters.JUnitReportReporter -->
<testsuite hostname="Ganyas-MBP.attlocal.net" failures="0" tests="3" name="com.automation.runners.SalesforceRunner" time="21.312" errors="0" timestamp="2023-06-20T00:27:33 PDT" skipped="0">
  <testcase classname="com.automation.runners.SalesforceRunner" name="runScenario" time="9.545"/>
  <system-out/>
  <testcase classname="com.automation.runners.SalesforceRunner" name="runScenario" time="2.998"/>
  <system-out/>
  <testcase classname="com.automation.runners.SalesforceRunner" name="runScenario" time="8.769"/>
  <system-out/>
</testsuite> <!-- com.automation.runners.SalesforceRunner -->
